2018-01-12 13:21:25,971 [main] INFO  c.g.t.t.d.PublishedGradleVersions - Gradle version information cache file is out-of-date. Remote download required.
2018-01-12 15:53:55,328 [main] INFO  c.g.t.t.d.PublishedGradleVersions - Gradle version information cache file is not out-of-date. No remote download required.
2018-01-15 10:15:21,507 [main] INFO  c.g.t.t.d.PublishedGradleVersions - Gradle version information cache file is out-of-date. Remote download required.
2018-01-15 11:37:20,046 [Start Help Server] INFO  org.eclipse.jetty.util.log - Logging initialized @5719702ms
2018-01-15 11:37:20,507 [Start Help Server] INFO  org.eclipse.jetty.server.Server - jetty-9.2.13.v20150730
2018-01-15 11:37:20,626 [Start Help Server] INFO  o.e.j.server.handler.ContextHandler - Started o.e.j.s.ServletContextHandler@60edbbd5{/help,null,AVAILABLE}
2018-01-15 11:37:20,714 [Start Help Server] INFO  o.e.jetty.server.ServerConnector - Started ServerConnector@7515cc21{HTTP/1.1}{127.0.0.1:49864}
2018-01-15 11:37:20,715 [Start Help Server] INFO  org.eclipse.jetty.server.Server - Started @5720372ms
2018-01-15 17:29:07,896 [Stop Help Server] INFO  o.e.jetty.server.ServerConnector - Stopped ServerConnector@7515cc21{HTTP/1.1}{127.0.0.1:0}
2018-01-15 17:29:07,941 [Stop Help Server] INFO  o.e.j.server.handler.ContextHandler - Stopped o.e.j.s.ServletContextHandler@60edbbd5{/help,null,UNAVAILABLE}
2018-01-15 17:58:18,243 [main] INFO  c.g.t.t.d.PublishedGradleVersions - Gradle version information cache file is not out-of-date. No remote download required.
2018-01-16 10:39:14,322 [main] INFO  c.g.t.t.d.PublishedGradleVersions - Gradle version information cache file is out-of-date. Remote download required.
2018-01-16 11:38:22,882 [main] INFO  c.g.t.t.d.PublishedGradleVersions - Gradle version information cache file is not out-of-date. No remote download required.
2018-01-16 13:45:32,320 [main] INFO  c.g.t.t.d.PublishedGradleVersions - Gradle version information cache file is not out-of-date. No remote download required.
2018-01-16 14:44:16,699 [main] INFO  c.g.t.t.d.PublishedGradleVersions - Gradle version information cache file is not out-of-date. No remote download required.
2018-01-17 10:01:09,115 [main] INFO  c.g.t.t.d.PublishedGradleVersions - Gradle version information cache file is not out-of-date. No remote download required.
2018-01-17 12:15:01,319 [main] INFO  c.g.t.t.d.PublishedGradleVersions - Gradle version information cache file is out-of-date. Remote download required.
2018-01-18 10:04:37,443 [main] INFO  c.g.t.t.d.PublishedGradleVersions - Gradle version information cache file is not out-of-date. No remote download required.
2018-01-18 14:21:19,316 [main] INFO  c.g.t.t.d.PublishedGradleVersions - Gradle version information cache file is out-of-date. Remote download required.
2018-01-19 09:52:07,829 [main] INFO  c.g.t.t.d.PublishedGradleVersions - Gradle version information cache file is not out-of-date. No remote download required.
2018-01-19 15:25:39,331 [main] INFO  c.g.t.t.d.PublishedGradleVersions - Gradle version information cache file is out-of-date. Remote download required.
2018-01-22 10:05:05,739 [main] INFO  c.g.t.t.d.PublishedGradleVersions - Gradle version information cache file is out-of-date. Remote download required.
2018-01-22 10:50:46,852 [main] INFO  c.g.t.t.d.PublishedGradleVersions - Gradle version information cache file is not out-of-date. No remote download required.
2018-01-22 11:15:57,821 [Start Help Server] INFO  org.eclipse.jetty.util.log - Logging initialized @1077820ms
2018-01-22 11:15:58,083 [Start Help Server] INFO  org.eclipse.jetty.server.Server - jetty-9.2.13.v20150730
2018-01-22 11:15:58,188 [Start Help Server] INFO  o.e.j.server.handler.ContextHandler - Started o.e.j.s.ServletContextHandler@203f629a{/help,null,AVAILABLE}
2018-01-22 11:15:58,265 [Start Help Server] INFO  o.e.jetty.server.ServerConnector - Started ServerConnector@750b43bb{HTTP/1.1}{127.0.0.1:49786}
2018-01-22 11:15:58,266 [Start Help Server] INFO  org.eclipse.jetty.server.Server - Started @1078267ms
2018-01-22 11:18:34,539 [main] INFO  c.g.t.t.d.PublishedGradleVersions - Gradle version information cache file is not out-of-date. No remote download required.
2018-01-22 18:05:49,617 [Stop Help Server] INFO  o.e.jetty.server.ServerConnector - Stopped ServerConnector@750b43bb{HTTP/1.1}{127.0.0.1:0}
2018-01-22 18:05:49,911 [Stop Help Server] INFO  o.e.j.server.handler.ContextHandler - Stopped o.e.j.s.ServletContextHandler@203f629a{/help,null,UNAVAILABLE}
2018-01-24 10:13:24,856 [main] INFO  c.g.t.t.d.PublishedGradleVersions - Gradle version information cache file is out-of-date. Remote download required.
2018-01-25 09:54:41,749 [main] INFO  c.g.t.t.d.PublishedGradleVersions - Gradle version information cache file is not out-of-date. No remote download required.
2018-01-26 14:18:51,322 [main] INFO  c.g.t.t.d.PublishedGradleVersions - Gradle version information cache file is out-of-date. Remote download required.
2018-01-29 09:39:17,153 [main] INFO  c.g.t.t.d.PublishedGradleVersions - Gradle version information cache file is out-of-date. Remote download required.
2018-01-30 10:08:09,095 [main] INFO  c.g.t.t.d.PublishedGradleVersions - Gradle version information cache file is out-of-date. Remote download required.
2018-01-30 17:03:14,160 [main] INFO  c.g.t.t.d.PublishedGradleVersions - Gradle version information cache file is not out-of-date. No remote download required.
2018-01-31 09:34:00,539 [main] INFO  c.g.t.t.d.PublishedGradleVersions - Gradle version information cache file is not out-of-date. No remote download required.
